<?xml version="1.0" encoding="UTF-8"?>
<!-- Generated by org.testng.reporters.JUnitXMLReporter -->
<testsuite ignored="0" hostname="DESKTOP-UCJSG16" failures="0" tests="1" name="OpencartTest" time="0.871" errors="0" timestamp="2023-05-06T02:39:29 IST">
  <testcase classname="testBase.BaseClass" name="@BeforeClass setup" time="0.816">
    <failure type="java.lang.NullPointerException" message="Cannot invoke &amp;quot;Object.equals(Object)&amp;quot; because &amp;quot;this.driver&amp;quot; is null">
      <![CDATA[java.lang.NullPointerException: Cannot invoke "Object.equals(Object)" because "this.driver" is null
at testBase.BaseClass.setup(BaseClass.java:29)
at java.base/java.util.ArrayList.forEach(ArrayList.java:1511)
... Removed 25 stack frames]]>
    </failure>
  </testcase> <!-- @BeforeClass setup -->
  <testcase classname="testBase.BaseClass" name="@AfterClass tearDown" time="-1.683320969655E9">
    <skipped/>
  </testcase> <!-- @AfterClass tearDown -->
  <testcase classname="testCases.TC_001_AccountRegistrationTest" name="test_account_Registration" time="0.0">
    <skipped/>
  </testcase> <!-- test_account_Registration -->
</testsuite> <!-- OpencartTest -->
